
ROM used:   112/8192 (1%)
            112/8192 (1%) including unused fragments

            0.2 Average locations per line
            2.5 Average locations per statement

RAM used:   6/368 (2%) at main() level
            7/368 (2%) worst case

Stack used: 1 worst case (1 in main + 0 for interrupts)
Stack size: 8

Lines Stmts  %   Files
----- ----- ---  -----
   74    44 100  10 LED Blink.c
   10     0   0  10 LED Blink.h
  661     0   0  ..\..\..\..\..\..\Program Files (x86)\PICC\Devices\16F877A.h
----- -----
  745    44 Total

Page ROM  %  RAM   Vol Diff  Functions:
---- --- --- ---   --- ----  ----------
0     20  18    1             @delay_ms1
0     88  79    1  1135  2.4  main
 Inline         0             @cinit1

Program metrics:
    Functions               1
    Statements              44
    Comments                110
    Volume (V)              1140
    Difficulty (D)          2.4
    Effort to implement (E) 2723
    Time to implement (T)   3 minutes
    Est Delivered Bugs (B)  0
    Cyclomatic Complexity   1
    Maintainability (MI)    47

 Segment     Used  Free
-----------  ----  ----
00000-00003     4  0  
00004-007FF   108  1936  
00800-00FFF     0  2048  
01000-017FF     0  2048  
01800-01FFF     0  2048  



