
ROM used:   62/8192 (1%)
            62/8192 (1%) including unused fragments

            0.1 Average locations per line
            5.2 Average locations per statement

RAM used:   6/368 (2%) at main() level
            7/368 (2%) worst case

Stack used: 1 worst case (1 in main + 0 for interrupts)
Stack size: 8

Lines Stmts  %   Files
----- ----- ---  -----
   25    12 100  2 LED Blink.c
   10     0   0  2 LED Blink.h
  661     0   0  ..\..\..\..\..\..\Program Files (x86)\PICC\Devices\16F877A.h
----- -----
  696    12 Total

Page ROM  %  RAM   Vol Diff  Functions:
---- --- --- ---   --- ----  ----------
0     20  32    1             @delay_ms1
0     38  61    1   221  2.3  main
 Inline         0             @cinit1

Program metrics:
    Functions               1
    Statements              12
    Comments                110
    Volume (V)              226
    Difficulty (D)          2.1
    Effort to implement (E) 474
    Time to implement (T)   0 minutes
    Est Delivered Bugs (B)  0
    Cyclomatic Complexity   1
    Maintainability (MI)    77

 Segment     Used  Free
-----------  ----  ----
00000-00003     4  0  
00004-007FF    58  1986  
00800-00FFF     0  2048  
01000-017FF     0  2048  
01800-01FFF     0  2048  



