CCS PCM C Compiler, Version 5.008, 5967               24-Jun-22 14:55

               Filename:   C:\Users\BOLA SHANKAR\OneDrive\Desktop\Embedded Training\LED\2 LED Blink.lst

               ROM used:   62 words (1%)
                           Largest free fragment is 2048
               RAM used:   6 (2%) at main() level
                           7 (2%) worst case
               Stack used: 1 locations
               Stack size: 8

*
0000:  MOVLW  00
0001:  MOVWF  0A
0002:  GOTO   018
0003:  NOP
.................... #include <2 LED Blink.h> 
.................... #include <16F877A.h> 
.................... //////// Standard Header file for the PIC16F877A device //////////////// 
.................... #device PIC16F877A 
....................  
.................... #list 
....................  
.................... #device ADC=16 
....................  
.................... #FUSES NOWDT                 	//No Watch Dog Timer 
.................... #FUSES NOBROWNOUT            	//No brownout reset 
.................... #FUSES NOLVP                 	//No low voltage prgming, B3(PIC16) or B5(PIC18) used for I/O 
....................  
.................... #use delay(crystal=20MHz) 
0004:  MOVLW  22
0005:  MOVWF  04
0006:  BCF    03.7
0007:  MOVF   00,W
0008:  BTFSC  03.2
0009:  GOTO   017
000A:  MOVLW  06
000B:  MOVWF  78
000C:  CLRF   77
000D:  DECFSZ 77,F
000E:  GOTO   00D
000F:  DECFSZ 78,F
0010:  GOTO   00C
0011:  MOVLW  7B
0012:  MOVWF  77
0013:  DECFSZ 77,F
0014:  GOTO   013
0015:  DECFSZ 00,F
0016:  GOTO   00A
0017:  RETURN
....................  
....................  
.................... #bit LED1=0X06.1 
.................... #bit TLED1=0X86.1 
.................... #bit LED2=0X07.1 
.................... #bit TLED2=0X87.1 
.................... void main() 
0018:  MOVF   03,W
0019:  ANDLW  1F
001A:  MOVWF  03
001B:  BSF    03.5
001C:  BSF    1F.0
001D:  BSF    1F.1
001E:  BSF    1F.2
001F:  BCF    1F.3
0020:  MOVLW  07
0021:  MOVWF  1C
0022:  BCF    03.7
.................... { 
.................... TLED1=0; 
0023:  BCF    06.1
.................... LED1=0; 
0024:  BCF    03.5
0025:  BCF    06.1
.................... TLED2=0; 
0026:  BSF    03.5
0027:  BCF    07.1
.................... LED2=0; 
0028:  BCF    03.5
0029:  BCF    07.1
....................  
....................    while(TRUE) 
....................    { 
....................       LED1=1; 
002A:  BSF    06.1
....................       LED2=1; 
002B:  BSF    07.1
....................       delay_ms(1000); 
002C:  MOVLW  04
002D:  MOVWF  21
002E:  MOVLW  FA
002F:  MOVWF  22
0030:  CALL   004
0031:  DECFSZ 21,F
0032:  GOTO   02E
....................       LED1=0; 
0033:  BCF    06.1
....................       LED2=0; 
0034:  BCF    07.1
....................       delay_ms(1000); 
0035:  MOVLW  04
0036:  MOVWF  21
0037:  MOVLW  FA
0038:  MOVWF  22
0039:  CALL   004
003A:  DECFSZ 21,F
003B:  GOTO   037
003C:  GOTO   02A
....................        
....................    } 
....................  
.................... } 
003D:  SLEEP

Configuration Fuses:
   Word  1: 3F32   HS NOWDT PUT NOBROWNOUT NOLVP NOCPD NOWRT NODEBUG NOPROTECT
