
ROM used:   227/8192 (3%)
            227/8192 (3%) including unused fragments

            0.3 Average locations per line
            6.3 Average locations per statement

RAM used:   6/368 (2%) at main() level
            20/368 (5%) worst case

Stack used: 2 worst case (2 in main + 0 for interrupts)
Stack size: 8

Lines Stmts  %   Files
----- ----- ---  -----
   66    36 100  ADC1.c
   10     0   0  ADC1.h
  661     0   0  ..\..\..\..\..\..\Program Files (x86)\PICC\Devices\16F877A.h
----- -----
  737    36 Total

Page ROM  %  RAM   Vol Diff  Functions:
---- --- --- ---   --- ----  ----------
0     20   9    1             @delay_ms1
0     15   7    2   140  2.2  display
0    130  57    1  1113  5.9  MAIN
0     37  16    5             @DIV1616
0     21   9    3             @DIV88
 Inline         0             @cinit1

Program metrics:
    Functions               2
    Statements              36
    Comments                110
    Volume (V)              1389
    Difficulty (D)          7.9
    Effort to implement (E) 11023
    Time to implement (T)   10 minutes
    Est Delivered Bugs (B)  0
    Cyclomatic Complexity   1
    Maintainability (MI)    46

 Segment     Used  Free
-----------  ----  ----
00000-00003     4  0  
00004-007FF   223  1821  
00800-00FFF     0  2048  
01000-017FF     0  2048  
01800-01FFF     0  2048  



