
ROM used:   310/8192 (4%)
            310/8192 (4%) including unused fragments

            0.4 Average locations per line
            4.6 Average locations per statement

RAM used:   6/368 (2%) at main() level
            20/368 (5%) worst case

Stack used: 2 worst case (2 in main + 0 for interrupts)
Stack size: 8

Lines Stmts  %   Files
----- ----- ---  -----
  129    67 100  4 LED ADC count.c
   10     0   0  4 LED ADC count.h
  661     0   0  ..\..\..\..\..\..\Program Files (x86)\PICC\Devices\16F877A.h
----- -----
  800    67 Total

Page ROM  %  RAM   Vol Diff  Functions:
---- --- --- ---   --- ----  ----------
0     20   6    1             @delay_ms1
0    213  69    1  2006  6.9  main
0     37  12    5  2006  6.9  @DIV1616
0     21   7    3             @DIV88
0     15   5    2   140  2.2  display
 Inline         0             @cinit1

Program metrics:
    Functions               3
    Statements              67
    Comments                110
    Volume (V)              4896
    Difficulty (D)          16.1
    Effort to implement (E) 78804
    Time to implement (T)   1 hours, 13 minutes
    Est Delivered Bugs (B)  1
    Cyclomatic Complexity   8
    Maintainability (MI)    84

 Segment     Used  Free
-----------  ----  ----
00000-00003     4  0  
00004-007FF   306  1738  
00800-00FFF     0  2048  
01000-017FF     0  2048  
01800-01FFF     0  2048  



