
ROM used:   183/8192 (2%)
            183/8192 (2%) including unused fragments

            0.2 Average locations per line
            3.6 Average locations per statement

RAM used:   16/368 (4%) at main() level
            23/368 (6%) worst case

Stack used: 3 worst case (3 in main + 0 for interrupts)
Stack size: 8

Lines Stmts  %   Files
----- ----- ---  -----
  101    51 100  SENSOR TYPE.c
   10     0   0  SENSOR TYPE.h
  661     0   0  ..\..\..\..\..\..\Program Files (x86)\PICC\Devices\16F877A.h
----- -----
  772    51 Total

Page ROM  %  RAM   Vol Diff  Functions:
---- --- --- ---   --- ----  ----------
0     20  11    1             @delay_ms1
0     12   7    2   127  2.5  display
0     30  16    3   157  4.4  display_string
0    117  64    1  1159  6.8  MAIN
 Inline         0             @cinit1

Program metrics:
    Functions               3
    Statements              51
    Comments                110
    Volume (V)              1711
    Difficulty (D)          13.8
    Effort to implement (E) 23540
    Time to implement (T)   22 minutes
    Est Delivered Bugs (B)  0
    Cyclomatic Complexity   7
    Maintainability (MI)    94

 Segment     Used  Free
-----------  ----  ----
00000-00003     4  0  
00004-007FF   179  1865  
00800-00FFF     0  2048  
01000-017FF     0  2048  
01800-01FFF     0  2048  



