
ROM used:   243/8192 (3%)
            243/8192 (3%) including unused fragments

            0.3 Average locations per line
            3.6 Average locations per statement

RAM used:   17/368 (5%) at main() level
            23/368 (6%) worst case

Stack used: 3 worst case (3 in main + 0 for interrupts)
Stack size: 8

Lines Stmts  %   Files
----- ----- ---  -----
  124    67 100  SENSOR TYPE 3.c
   10     0   0  SENSOR TYPE 3.h
  661     0   0  ..\..\..\..\..\..\Program Files (x86)\PICC\Devices\16F877A.h
----- -----
  795    67 Total

Page ROM  %  RAM   Vol Diff  Functions:
---- --- --- ---   --- ----  ----------
0     20   8    1             @delay_ms1
0     12   5    2   127  2.5  display
0     30  12    3   157  4.4  display_string
0    156  64    1  1583  7.8  MAIN
0     21   9    3             @DIV88
 Inline         0             @cinit1

Program metrics:
    Functions               3
    Statements              67
    Comments                110
    Volume (V)              2161
    Difficulty (D)          14.7
    Effort to implement (E) 31797
    Time to implement (T)   29 minutes
    Est Delivered Bugs (B)  0
    Cyclomatic Complexity   7
    Maintainability (MI)    88

 Segment     Used  Free
-----------  ----  ----
00000-00003     4  0  
00004-007FF   239  1805  
00800-00FFF     0  2048  
01000-017FF     0  2048  
01800-01FFF     0  2048  



