
ROM used:   201/8192 (2%)
            201/8192 (2%) including unused fragments

            0.3 Average locations per line
            3.1 Average locations per statement

RAM used:   17/368 (5%) at main() level
            23/368 (6%) worst case

Stack used: 3 worst case (3 in main + 0 for interrupts)
Stack size: 8

Lines Stmts  %   Files
----- ----- ---  -----
  122    65 100  SENSOR TYPE1.c
   10     0   0  SENSOR TYPE.h
  661     0   0  ..\..\..\..\..\..\Program Files (x86)\PICC\Devices\16F877A.h
----- -----
  793    65 Total

Page ROM  %  RAM   Vol Diff  Functions:
---- --- --- ---   --- ----  ----------
0     20  10    1             @delay_ms1
0     12   6    2   127  2.5  display
0     30  15    3   157  4.4  display_string
0    135  67    1  1416  6.8  MAIN
 Inline         0             @cinit1

Program metrics:
    Functions               3
    Statements              65
    Comments                110
    Volume (V)              1984
    Difficulty (D)          13.8
    Effort to implement (E) 27421
    Time to implement (T)   25 minutes
    Est Delivered Bugs (B)  0
    Cyclomatic Complexity   7
    Maintainability (MI)    89

 Segment     Used  Free
-----------  ----  ----
00000-00003     4  0  
00004-007FF   197  1847  
00800-00FFF     0  2048  
01000-017FF     0  2048  
01800-01FFF     0  2048  



