CCS PCM C Compiler, Version 5.008, 5967               24-Jun-22 16:26

               Filename:   C:\Users\BOLA SHANKAR\OneDrive\Desktop\Embedded Training\SWITCH\1 SWITCH 1 LED.lst

               ROM used:   31 words (0%)
                           Largest free fragment is 2048
               RAM used:   6 (2%) at main() level
                           6 (2%) worst case
               Stack used: 0 locations
               Stack size: 8

*
0000:  MOVLW  00
0001:  MOVWF  0A
0002:  GOTO   004
0003:  NOP
.................... #include <1 SWITCH 1 LED.h> 
.................... #include <16F877A.h> 
.................... //////// Standard Header file for the PIC16F877A device //////////////// 
.................... #device PIC16F877A 
....................  
.................... #list 
....................  
.................... #device ADC=16 
....................  
.................... #FUSES NOWDT                 	//No Watch Dog Timer 
.................... #FUSES NOBROWNOUT            	//No brownout reset 
.................... #FUSES NOLVP                 	//No low voltage prgming, B3(PIC16) or B5(PIC18) used for I/O 
....................  
.................... #use delay(crystal=20MHz) 
....................  
....................  
.................... #bit sw=0X06.1 
.................... #bit tsw=0x86.1 
.................... #bit led=0x07.0 
.................... #bit tled=0x87.0 
.................... void main() 
0004:  MOVF   03,W
0005:  ANDLW  1F
0006:  MOVWF  03
0007:  BSF    03.5
0008:  BSF    1F.0
0009:  BSF    1F.1
000A:  BSF    1F.2
000B:  BCF    1F.3
000C:  MOVLW  07
000D:  MOVWF  1C
000E:  BCF    03.7
.................... { 
.................... sw=0; 
000F:  BCF    03.5
0010:  BCF    06.1
.................... tsw=1; 
0011:  BSF    03.5
0012:  BSF    06.1
.................... led=0; 
0013:  BCF    03.5
0014:  BCF    07.0
.................... tled=0; 
0015:  BSF    03.5
0016:  BCF    07.0
....................    while(TRUE) 
....................    { 
....................      if(sw==1) 
0017:  BCF    03.5
0018:  BTFSS  06.1
0019:  GOTO   01C
....................      { 
....................      led=1; 
001A:  BSF    07.0
....................      } 
001B:  GOTO   01D
....................      else 
....................      { 
....................      led=0; 
001C:  BCF    07.0
....................      } 
001D:  GOTO   018
....................    } 
....................  
.................... } 
001E:  SLEEP

Configuration Fuses:
   Word  1: 3F32   HS NOWDT PUT NOBROWNOUT NOLVP NOCPD NOWRT NODEBUG NOPROTECT
