
ROM used:   31/8192 (0%)
            31/8192 (0%) including unused fragments

            0.0 Average locations per line
            2.8 Average locations per statement

RAM used:   6/368 (2%) at main() level
            6/368 (2%) worst case

Stack used: 0 worst case (0 in main + 0 for interrupts)
Stack size: 8

Lines Stmts  %   Files
----- ----- ---  -----
   25    11 100  1 SWITCH 1 LED.c
   10     0   0  1 SWITCH 1 LED.h
  661     0   0  ..\..\..\..\..\..\Program Files (x86)\PICC\Devices\16F877A.h
----- -----
  696    11 Total

Page ROM  %  RAM   Vol Diff  Functions:
---- --- --- ---   --- ----  ----------
0     27  87    1   176  3.5  main
 Inline         0             @cinit1

Program metrics:
    Functions               1
    Statements              11
    Comments                110
    Volume (V)              179
    Difficulty (D)          3.3
    Effort to implement (E) 595
    Time to implement (T)   1 minutes
    Est Delivered Bugs (B)  0
    Cyclomatic Complexity   1
    Maintainability (MI)    79

 Segment     Used  Free
-----------  ----  ----
00000-00003     4  0  
00004-007FF    27  2017  
00800-00FFF     0  2048  
01000-017FF     0  2048  
01800-01FFF     0  2048  



