
ROM used:   37/8192 (0%)
            37/8192 (0%) including unused fragments

            0.1 Average locations per line
            2.8 Average locations per statement

RAM used:   7/368 (2%) at main() level
            7/368 (2%) worst case

Stack used: 0 worst case (0 in main + 0 for interrupts)
Stack size: 8

Lines Stmts  %   Files
----- ----- ---  -----
   28    13 100  2 ON  SWITCH 1 LED.c
   10     0   0  2 ON  SWITCH 1 LED.h
  661     0   0  ..\..\..\..\..\..\Program Files (x86)\PICC\Devices\16F877A.h
----- -----
  699    13 Total

Page ROM  %  RAM   Vol Diff  Functions:
---- --- --- ---   --- ----  ----------
0     33  89    2   250  4.1  main
 Inline         0             @cinit1

Program metrics:
    Functions               1
    Statements              13
    Comments                110
    Volume (V)              252
    Difficulty (D)          3.9
    Effort to implement (E) 993
    Time to implement (T)   1 minutes
    Est Delivered Bugs (B)  0
    Cyclomatic Complexity   1
    Maintainability (MI)    75

 Segment     Used  Free
-----------  ----  ----
00000-00003     4  0  
00004-007FF    33  2011  
00800-00FFF     0  2048  
01000-017FF     0  2048  
01800-01FFF     0  2048  



