CCS PCM C Compiler, Version 5.008, 5967               26-Jun-22 11:18

               Filename:   C:\Users\BOLA SHANKAR\OneDrive\Desktop\Embedded Training\SWITCH\2 ON  SWITCH 1 LED.lst

               ROM used:   37 words (0%)
                           Largest free fragment is 2048
               RAM used:   7 (2%) at main() level
                           7 (2%) worst case
               Stack used: 0 locations
               Stack size: 8

*
0000:  MOVLW  00
0001:  MOVWF  0A
0002:  GOTO   004
0003:  NOP
.................... #include <2 ON  SWITCH 1 LED.h> 
.................... #include <16F877A.h> 
.................... //////// Standard Header file for the PIC16F877A device //////////////// 
.................... #device PIC16F877A 
....................  
.................... #list 
....................  
.................... #device ADC=16 
....................  
.................... #FUSES NOWDT                 	//No Watch Dog Timer 
.................... #FUSES NOBROWNOUT            	//No brownout reset 
.................... #FUSES NOLVP                 	//No low voltage prgming, B3(PIC16) or B5(PIC18) used for I/O 
....................  
.................... #use delay(crystal=20MHz) 
....................  
....................  
.................... #bit sw1=0x06.0 
.................... #bit tsw1=0x86.0 
.................... #bit sw2=0x06.1 
.................... #bit tsw2=0x86.1 
.................... #bit LED=0x07.0 
.................... #bit TLED=0x87.0 
.................... void main() 
0004:  MOVF   03,W
0005:  ANDLW  1F
0006:  MOVWF  03
0007:  BSF    03.5
0008:  BSF    1F.0
0009:  BSF    1F.1
000A:  BSF    1F.2
000B:  BCF    1F.3
000C:  MOVLW  07
000D:  MOVWF  1C
000E:  BCF    03.7
.................... { 
.................... sw1=0; 
000F:  BCF    03.5
0010:  BCF    06.0
.................... tsw1=1; 
0011:  BSF    03.5
0012:  BSF    06.0
.................... sw2=0; 
0013:  BCF    03.5
0014:  BCF    06.1
.................... tsw2=1; 
0015:  BSF    03.5
0016:  BSF    06.1
.................... LED=0; 
0017:  BCF    03.5
0018:  BCF    07.0
.................... TLED=0; 
0019:  BSF    03.5
001A:  BCF    07.0
....................    while(TRUE) 
....................    { 
....................       if(sw1==1 && sw2==1) 
001B:  BCF    03.5
001C:  BTFSS  06.0
001D:  GOTO   022
001E:  BTFSS  06.1
001F:  GOTO   022
....................       { 
....................       LED=1; 
0020:  BSF    07.0
....................       } 
0021:  GOTO   023
....................       else 
....................       { 
....................       LED=0; 
0022:  BCF    07.0
....................       } 
0023:  GOTO   01C
....................    } 
.................... } 
0024:  SLEEP

Configuration Fuses:
   Word  1: 3F32   HS NOWDT PUT NOBROWNOUT NOLVP NOCPD NOWRT NODEBUG NOPROTECT
