
ROM used:   34/8192 (0%)
            34/8192 (0%) including unused fragments

            0.0 Average locations per line
            2.4 Average locations per statement

RAM used:   6/368 (2%) at main() level
            6/368 (2%) worst case

Stack used: 0 worst case (0 in main + 0 for interrupts)
Stack size: 8

Lines Stmts  %   Files
----- ----- ---  -----
   29    14 100  2 SWITCH 1 LED.c
   10     0   0  2 SWITCH 1 LED.h
  661     0   0  ..\..\..\..\..\..\Program Files (x86)\PICC\Devices\16F877A.h
----- -----
  700    14 Total

Page ROM  %  RAM   Vol Diff  Functions:
---- --- --- ---   --- ----  ----------
0     30  88    1   245  3.2  main
 Inline         0             @cinit1

Program metrics:
    Functions               1
    Statements              14
    Comments                110
    Volume (V)              248
    Difficulty (D)          3.1
    Effort to implement (E) 759
    Time to implement (T)   1 minutes
    Est Delivered Bugs (B)  0
    Cyclomatic Complexity   2
    Maintainability (MI)    73

 Segment     Used  Free
-----------  ----  ----
00000-00003     4  0  
00004-007FF    30  2014  
00800-00FFF     0  2048  
01000-017FF     0  2048  
01800-01FFF     0  2048  



