
ROM used:   175/8192 (2%)
            175/8192 (2%) including unused fragments

            0.2 Average locations per line
            4.3 Average locations per statement

RAM used:   17/368 (5%) at main() level
            21/368 (6%) worst case

Stack used: 3 worst case (3 in main + 0 for interrupts)
Stack size: 8

Lines Stmts  %   Files
----- ----- ---  -----
  100    41 100  UART2.c
   10     0   0  UART2.h
  661     0   0  ..\..\..\..\..\..\Program Files (x86)\PICC\Devices\16F877A.h
----- -----
  771    41 Total

Page ROM  %  RAM   Vol Diff  Functions:
---- --- --- ---   --- ----  ----------
0     20  11    1             @delay_ms1
0     15   9    2   149  2.5  display
0      6   3    2    72  2.4  transmit
0     20  11    1   151  3.1  receive
0    110  63    1   695  4.8  MAIN
 Inline         0             @cinit1

Program metrics:
    Functions               4
    Statements              41
    Comments                111
    Volume (V)              1400
    Difficulty (D)          12.9
    Effort to implement (E) 18073
    Time to implement (T)   17 minutes
    Est Delivered Bugs (B)  0
    Cyclomatic Complexity   1
    Maintainability (MI)    150

 Segment     Used  Free
-----------  ----  ----
00000-00003     4  0  
00004-007FF   171  1873  
00800-00FFF     0  2048  
01000-017FF     0  2048  
01800-01FFF     0  2048  



