
ROM used:   243/8192 (3%)
            243/8192 (3%) including unused fragments

            0.3 Average locations per line
            2.9 Average locations per statement

RAM used:   18/368 (5%) at main() level
            22/368 (6%) worst case

Stack used: 3 worst case (3 in main + 0 for interrupts)
Stack size: 8

Lines Stmts  %   Files
----- ----- ---  -----
  172    84 100  UART-RX LEDs.c
   10     0   0  UART-RX LEDs.h
  661     0   0  ..\..\..\..\..\..\Program Files (x86)\PICC\Devices\16F877A.h
----- -----
  843    84 Total

Page ROM  %  RAM   Vol Diff  Functions:
---- --- --- ---   --- ----  ----------
0     20   8    1             @delay_ms1
0     15   6    2   149  2.5  display
0      6   2    2    72  2.4  transmit
0     22   9    1   163  3.5  receive
0    176  72    1  1963  6.9  MAIN
 Inline         0             @cinit1

Program metrics:
    Functions               4
    Statements              84
    Comments                110
    Volume (V)              2780
    Difficulty (D)          15.7
    Effort to implement (E) 43698
    Time to implement (T)   40 minutes
    Est Delivered Bugs (B)  0
    Cyclomatic Complexity   7
    Maintainability (MI)    135

 Segment     Used  Free
-----------  ----  ----
00000-00003     4  0  
00004-007FF   239  1805  
00800-00FFF     0  2048  
01000-017FF     0  2048  
01800-01FFF     0  2048  



