
ROM used:   105/8192 (1%)
            105/8192 (1%) including unused fragments

            0.1 Average locations per line
            7.5 Average locations per statement

RAM used:   17/368 (5%) at main() level
            20/368 (5%) worst case

Stack used: 1 worst case (1 in main + 0 for interrupts)
Stack size: 8

Lines Stmts  %   Files
----- ----- ---  -----
   31    14 100  UART1.c
   10     0   0  UART1.h
  661     0   0  ..\..\..\..\..\..\Program Files (x86)\PICC\Devices\16F877A.h
----- -----
  702    14 Total

Page ROM  %  RAM   Vol Diff  Functions:
---- --- --- ---   --- ----  ----------
0     22  21    1             @delay_ms1
0      6   6    2    72  2.4  transmit
0     73  70   12   279  4.0  MAIN
 Inline         0             @cinit1

Program metrics:
    Functions               2
    Statements              14
    Comments                110
    Volume (V)              414
    Difficulty (D)          6.2
    Effort to implement (E) 2550
    Time to implement (T)   2 minutes
    Est Delivered Bugs (B)  0
    Cyclomatic Complexity   1
    Maintainability (MI)    68

 Segment     Used  Free
-----------  ----  ----
00000-00003     4  0  
00004-007FF   101  1943  
00800-00FFF     0  2048  
01000-017FF     0  2048  
01800-01FFF     0  2048  



