
ROM used:   212/8192 (3%)
            212/8192 (3%) including unused fragments

            0.3 Average locations per line
            4.5 Average locations per statement

RAM used:   5/368 (1%) at main() level
            8/368 (2%) worst case

Stack used: 1 worst case (1 in main + 0 for interrupts)
Stack size: 8

Lines Stmts  %   Files
----- ----- ---  -----
   64    47 100  1 LCD DISPLAY QISCET & 20491A0402.c
   10     0   0  1 LCD DISPLAY A.h
  661     0   0  ..\..\..\..\..\..\Program Files (x86)\PICC\Devices\16F877A.h
----- -----
  735    47 Total

Page ROM  %  RAM   Vol Diff  Functions:
---- --- --- ---   --- ----  ----------
 Inline         1             @delay_ms1
0     30  14    2   127  2.5  display
0    178  84    0  1625  2.9  MAIN
 Inline         0             @cinit1

Program metrics:
    Functions               2
    Statements              47
    Comments                110
    Volume (V)              1891
    Difficulty (D)          5.3
    Effort to implement (E) 10092
    Time to implement (T)   9 minutes
    Est Delivered Bugs (B)  0
    Cyclomatic Complexity   1
    Maintainability (MI)    40

 Segment     Used  Free
-----------  ----  ----
00000-00003     4  0  
00004-007FF   208  1836  
00800-00FFF     0  2048  
01000-017FF     0  2048  
01800-01FFF     0  2048  



