
ROM used:   230/8192 (3%)
            230/8192 (3%) including unused fragments

            0.3 Average locations per line
            4.5 Average locations per statement

RAM used:   5/368 (1%) at main() level
            8/368 (2%) worst case

Stack used: 1 worst case (1 in main + 0 for interrupts)
Stack size: 8

Lines Stmts  %   Files
----- ----- ---  -----
   68    51 100  1 LCD DISPLAY VELIDI BOLA SHANKAR.c
   10     0   0  1 LCD DISPLAY A.h
  661     0   0  ..\..\..\..\..\..\Program Files (x86)\PICC\Devices\16F877A.h
----- -----
  739    51 Total

Page ROM  %  RAM   Vol Diff  Functions:
---- --- --- ---   --- ----  ----------
 Inline         1             @delay_ms1
0     30  13    2   127  2.5  display
0    196  85    0  1826  3.0  MAIN
 Inline         0             @cinit1

Program metrics:
    Functions               2
    Statements              51
    Comments                110
    Volume (V)              2096
    Difficulty (D)          5.4
    Effort to implement (E) 11215
    Time to implement (T)   10 minutes
    Est Delivered Bugs (B)  0
    Cyclomatic Complexity   1
    Maintainability (MI)    38

 Segment     Used  Free
-----------  ----  ----
00000-00003     4  0  
00004-007FF   226  1818  
00800-00FFF     0  2048  
01000-017FF     0  2048  
01800-01FFF     0  2048  



