
ROM used:   121/8192 (1%)
            121/8192 (1%) including unused fragments

            0.2 Average locations per line
            5.8 Average locations per statement

RAM used:   13/368 (4%) at main() level
            20/368 (5%) worst case

Stack used: 3 worst case (3 in main + 0 for interrupts)
Stack size: 8

Lines Stmts  %   Files
----- ----- ---  -----
   43    21 100  1 LCD DISPLAY using STRINGS.c
   10     0   0  1 LCD DISPLAY A.h
  661     0   0  ..\..\..\..\..\..\Program Files (x86)\PICC\Devices\16F877A.h
----- -----
  714    21 Total

Page ROM  %  RAM   Vol Diff  Functions:
---- --- --- ---   --- ----  ----------
0     20  17    1             @delay_ms1
0     12  10    2   127  2.5  display
0     30  25    3   157  4.4  display_string
0     55  45    0   260  2.8  MAIN
 Inline         0             @cinit1

Program metrics:
    Functions               3
    Statements              21
    Comments                110
    Volume (V)              725
    Difficulty (D)          9.5
    Effort to implement (E) 6861
    Time to implement (T)   6 minutes
    Est Delivered Bugs (B)  0
    Cyclomatic Complexity   1
    Maintainability (MI)    113

 Segment     Used  Free
-----------  ----  ----
00000-00003     4  0  
00004-007FF   117  1927  
00800-00FFF     0  2048  
01000-017FF     0  2048  
01800-01FFF     0  2048  



