
ROM used:   149/8192 (2%)
            149/8192 (2%) including unused fragments

            0.2 Average locations per line
            4.5 Average locations per statement

RAM used:   5/368 (1%) at main() level
            8/368 (2%) worst case

Stack used: 1 worst case (1 in main + 0 for interrupts)
Stack size: 8

Lines Stmts  %   Files
----- ----- ---  -----
   50    33 100  1 LCD DISPLAY QISCET & ECE.c
   10     0   0  1 LCD DISPLAY QISCET & ECE.h
  661     0   0  ..\..\..\..\..\..\Program Files (x86)\PICC\Devices\16F877A.h
----- -----
  721    33 Total

Page ROM  %  RAM   Vol Diff  Functions:
---- --- --- ---   --- ----  ----------
 Inline         1             @delay_ms1
0     30  20    2   127  2.5  display
0    115  77    0   951  2.9  MAIN
 Inline         0             @cinit1

Program metrics:
    Functions               2
    Statements              33
    Comments                110
    Volume (V)              1199
    Difficulty (D)          5.3
    Effort to implement (E) 6313
    Time to implement (T)   6 minutes
    Est Delivered Bugs (B)  0
    Cyclomatic Complexity   1
    Maintainability (MI)    48

 Segment     Used  Free
-----------  ----  ----
00000-00003     4  0  
00004-007FF   145  1899  
00800-00FFF     0  2048  
01000-017FF     0  2048  
01800-01FFF     0  2048  



